#
# A fatal error has been detected by the Java Runtime Environment:
#
#  SIGSEGV (0xb) at pc=0x00007f4710b1e87a, pid=87998, tid=88004
#
# JRE version: Java(TM) SE Runtime Environment 18.9 (11.0.9+7) (build 11.0.9+7-LTS)
# Java VM: Java HotSpot(TM) 64-Bit Server VM 18.9 (11.0.9+7-LTS, mixed mode, tiered, compressed oops, g1 gc, linux-amd64)
# Problematic frame:
# j  java.io.BufferedReader.fill()V+145 java.base@11.0.9
#
# Core dump will be written. Default location: Core dumps may be processed with "/usr/share/apport/apport %p %s %c %d %P %E" (or dumping to /home/takahashi/Documents/Tcc/git/tcc/core.87998)
#
# If you would like to submit a bug report, please visit:
#   https://bugreport.java.com/bugreport/crash.jsp
#

---------------  S U M M A R Y ------------

Command Line: -Dfile.encoding=UTF-8 hyperledger.cefetmg.tcc.TccApplication

Host: Intel(R) Core(TM) i5-9300H CPU @ 2.40GHz, 8 cores, 15G, Ubuntu 20.04.2 LTS
Time: Wed May  5 23:54:57 2021 -03 elapsed time: 0.164162 seconds (0d 0h 0m 0s)

---------------  T H R E A D  ---------------

Current thread (0x00007f4728026000):  JavaThread "main" [_thread_in_Java, id=88004, stack(0x00007f472e53e000,0x00007f472e63f000)]

Stack: [0x00007f472e53e000,0x00007f472e63f000],  sp=0x00007f472e638540,  free space=1001k
Native frames: (J=compiled Java code, A=aot compiled Java code, j=interpreted, Vv=VM code, C=native code)
j  java.io.BufferedReader.fill()V+145 java.base@11.0.9
j  java.io.BufferedReader.read()I+23 java.base@11.0.9
j  java.io.StreamTokenizer.read()I+11 java.base@11.0.9
j  java.io.StreamTokenizer.nextToken()I+77 java.base@11.0.9
j  sun.security.provider.PolicyParser.read(Ljava/io/Reader;)V+189 java.base@11.0.9
j  sun.security.provider.PolicyFile.init(Ljava/net/URL;Lsun/security/provider/PolicyFile$PolicyInfo;Z)Z+72 java.base@11.0.9
j  sun.security.provider.PolicyFile$3.run()Ljava/lang/Void;+12 java.base@11.0.9
j  sun.security.provider.PolicyFile$3.run()Ljava/lang/Object;+1 java.base@11.0.9
v  ~StubRoutines::call_stub
V  [libjvm.so+0x88abd6]  JavaCalls::call_helper(JavaValue*, methodHandle const&, JavaCallArguments*, Thread*)+0x366
V  [libjvm.so+0x941074]  JVM_DoPrivileged+0x544
j  java.security.AccessController.doPrivileged(Ljava/security/PrivilegedAction;)Ljava/lang/Object;+0 java.base@11.0.9
j  sun.security.provider.PolicyFile.initPolicyFile(Lsun/security/provider/PolicyFile$PolicyInfo;Ljava/net/URL;)V+42 java.base@11.0.9
j  sun.security.provider.PolicyFile.init(Ljava/net/URL;)V+50 java.base@11.0.9
j  sun.security.provider.PolicyFile.<init>()V+24 java.base@11.0.9
j  java.security.Policy.loadPolicyProvider()Ljava/security/Policy;+38 java.base@11.0.9
j  java.security.Policy.getPolicyNoCheck()Ljava/security/Policy;+34 java.base@11.0.9
j  java.security.ProtectionDomain.implies(Ljava/security/Permission;)Z+16 java.base@11.0.9
j  java.security.ProtectionDomain.impliesWithAltFilePerm(Ljava/security/Permission;)Z+23 java.base@11.0.9
j  java.security.AccessControlContext.checkPermission(Ljava/security/Permission;)V+323 java.base@11.0.9
j  java.security.AccessController.checkPermission(Ljava/security/Permission;)V+161 java.base@11.0.9
j  ch.qos.logback.core.util.Loader$1.run()Ljava/lang/Boolean;+9
j  ch.qos.logback.core.util.Loader$1.run()Ljava/lang/Object;+1
v  ~StubRoutines::call_stub
V  [libjvm.so+0x88abd6]  JavaCalls::call_helper(JavaValue*, methodHandle const&, JavaCallArguments*, Thread*)+0x366
V  [libjvm.so+0x941074]  JVM_DoPrivileged+0x544
j  java.security.AccessController.doPrivileged(Ljava/security/PrivilegedAction;)Ljava/lang/Object;+0 java.base@11.0.9
j  ch.qos.logback.core.util.Loader.<clinit>()V+34
v  ~StubRoutines::call_stub
V  [libjvm.so+0x88abd6]  JavaCalls::call_helper(JavaValue*, methodHandle const&, JavaCallArguments*, Thread*)+0x366
V  [libjvm.so+0x85cd7e]  InstanceKlass::call_class_initializer(Thread*)+0x22e
V  [libjvm.so+0x85d3cb]  InstanceKlass::initialize_impl(Thread*)+0x4fb
V  [libjvm.so+0xac0227]  LinkResolver::resolve_static_call(CallInfo&, LinkInfo const&, bool, Thread*)+0x4d7
V  [libjvm.so+0xac8105]  LinkResolver::resolve_invoke(CallInfo&, Handle, constantPoolHandle const&, int, Bytecodes::Code, Thread*)+0x385
V  [libjvm.so+0x8801a6]  InterpreterRuntime::resolve_invoke(JavaThread*, Bytecodes::Code)+0x2e6
V  [libjvm.so+0x88109d]  InterpreterRuntime::resolve_from_cache(JavaThread*, Bytecodes::Code)+0x16d
j  ch.qos.logback.classic.util.ContextInitializer.findURLOfDefaultConfigurationFile(Z)Ljava/net/URL;+1
j  ch.qos.logback.classic.util.ContextInitializer.autoConfig()V+9
j  org.slf4j.impl.StaticLoggerBinder.init()V+11
j  org.slf4j.impl.StaticLoggerBinder.<clinit>()V+28
v  ~StubRoutines::call_stub
V  [libjvm.so+0x88abd6]  JavaCalls::call_helper(JavaValue*, methodHandle const&, JavaCallArguments*, Thread*)+0x366
V  [libjvm.so+0x85cd7e]  InstanceKlass::call_class_initializer(Thread*)+0x22e
V  [libjvm.so+0x85d3cb]  InstanceKlass::initialize_impl(Thread*)+0x4fb
V  [libjvm.so+0xac0227]  LinkResolver::resolve_static_call(CallInfo&, LinkInfo const&, bool, Thread*)+0x4d7
V  [libjvm.so+0xac8105]  LinkResolver::resolve_invoke(CallInfo&, Handle, constantPoolHandle const&, int, Bytecodes::Code, Thread*)+0x385
V  [libjvm.so+0x8801a6]  InterpreterRuntime::resolve_invoke(JavaThread*, Bytecodes::Code)+0x2e6
V  [libjvm.so+0x88109d]  InterpreterRuntime::resolve_from_cache(JavaThread*, Bytecodes::Code)+0x16d
j  org.slf4j.LoggerFactory.bind()V+16
j  org.slf4j.LoggerFactory.performInitialization()V+0
j  org.slf4j.LoggerFactory.getILoggerFactory()Lorg/slf4j/ILoggerFactory;+21
j  org.slf4j.LoggerFactory.getLogger(Ljava/lang/String;)Lorg/slf4j/Logger;+0
j  org.apache.commons.logging.LogAdapter$Slf4jAdapter.createLocationAwareLog(Ljava/lang/String;)Lorg/apache/commons/logging/Log;+1
j  org.apache.commons.logging.LogAdapter.createLog(Ljava/lang/String;)Lorg/apache/commons/logging/Log;+42
j  org.apache.commons.logging.LogFactory.getLog(Ljava/lang/String;)Lorg/apache/commons/logging/Log;+1
j  org.apache.commons.logging.LogFactory.getLog(Ljava/lang/Class;)Lorg/apache/commons/logging/Log;+4
j  org.springframework.boot.SpringApplication.<clinit>()V+2
v  ~StubRoutines::call_stub
V  [libjvm.so+0x88abd6]  JavaCalls::call_helper(JavaValue*, methodHandle const&, JavaCallArguments*, Thread*)+0x366
V  [libjvm.so+0x85cd7e]  InstanceKlass::call_class_initializer(Thread*)+0x22e
V  [libjvm.so+0x85d3cb]  InstanceKlass::initialize_impl(Thread*)+0x4fb
V  [libjvm.so+0xac0227]  LinkResolver::resolve_static_call(CallInfo&, LinkInfo const&, bool, Thread*)+0x4d7
V  [libjvm.so+0xac8105]  LinkResolver::resolve_invoke(CallInfo&, Handle, constantPoolHandle const&, int, Bytecodes::Code, Thread*)+0x385
V  [libjvm.so+0x8801a6]  InterpreterRuntime::resolve_invoke(JavaThread*, Bytecodes::Code)+0x2e6
V  [libjvm.so+0x88109d]  InterpreterRuntime::resolve_from_cache(JavaThread*, Bytecodes::Code)+0x16d
j  hyperledger.cefetmg.tcc.TccApplication.main([Ljava/lang/String;)V+3
v  ~StubRoutines::call_stub
V  [libjvm.so+0x88abd6]  JavaCalls::call_helper(JavaValue*, methodHandle const&, JavaCallArguments*, Thread*)+0x366
V  [libjvm.so+0x90887a]  jni_invoke_static(JNIEnv_*, JavaValue*, _jobject*, JNICallType, _jmethodID*, JNI_ArgumentPusher*, Thread*) [clone .isra.65] [clone .constprop.194]+0x1ba
V  [libjvm.so+0x90aee4]  jni_CallStaticVoidMethod+0x164
C  [libjli.so+0x58b2]  JavaMain+0xe92


siginfo: si_signo: 11 (SIGSEGV), si_code: 2 (SEGV_ACCERR), si_addr: 0x00007f46fd85f188

Register to memory mapping:

RAX=0x000000080006b7a8 is a pointer to class: 
java.io.InputStreamReader {0x000000080006b7a8}
RBX=0x0000000000000007 is an unknown value
RCX=0x00000007165e0d00 is an oop: java.io.InputStreamReader 
{0x00000007165e0d00} - klass: 'java/io/InputStreamReader'
RDX=0x0000000040000004 is an unknown value
RSP=0x00007f472e638540 is pointing into the stack for thread: 0x00007f4728026000
RBP=0x00007f472e6385b0 is pointing into the stack for thread: 0x00007f4728026000
RSI=0x00007f472e638580 is pointing into the stack for thread: 0x00007f4728026000
RDI=0x00007f4728024eb0 points into unknown readable memory: 0c 00 00 00 3c 00 00 00
R8 ={method} {0x00007f46fd740df0} 'read' '()I' in 'java/io/BufferedReader'
R9 =0x000000000000000d is an unknown value
R10=0x00007f472fc72a80: <offset 0x00000000014e4a80> in /usr/lib/jvm/jdk-11.0.9/lib/server/libjvm.so at 0x00007f472e78e000
R11=0x0000000000000032 is an unknown value
R12=0x0 is NULL
R13=0x00007f46fd740c19 is pointing into metadata
R14=0x00007f46fd85f170 is an unknown value
R15=0x00007f4728026000 is a thread


Registers:
RAX=0x000000080006b7a8, RBX=0x0000000000000007, RCX=0x00000007165e0d00, RDX=0x0000000040000004
RSP=0x00007f472e638540, RBP=0x00007f472e6385b0, RSI=0x00007f472e638580, RDI=0x00007f4728024eb0
R8 =0x00007f46fd740df0, R9 =0x000000000000000d, R10=0x00007f472fc72a80, R11=0x0000000000000032
R12=0x0000000000000000, R13=0x00007f46fd740c19, R14=0x00007f46fd85f170, R15=0x00007f4728026000
RIP=0x00007f4710b1e87a, EFLAGS=0x0000000000010202, CSGSFS=0x002b000000000033, ERR=0x0000000000000004
  TRAPNO=0x000000000000000e

Top of Stack: (sp=0x00007f472e638540)
0x00007f472e638540:   00007f4710b0a6c0 0000000000002000
0x00007f472e638550:   0000000000000000 00000007165e3038
0x00007f472e638560:   00000007165e0d00 00007f472e638568
0x00007f472e638570:   00007f46fd740c19 00007f472e6385d8 

Instructions: (pc=0x00007f4710b1e87a)
0x00007f4710b1e85a:   8b 41 08 49 bc 00 00 00 00 08 00 00 00 49 03 c4
0x00007f4710b1e86a:   4d 33 e4 4c 8b 75 d8 4d 85 f6 0f 84 95 00 00 00
0x00007f4710b1e87a:   49 8b 56 18 48 3b d0 0f 85 0f 00 00 00 49 83 46
0x00007f4710b1e88a:   20 01 49 83 5e 20 00 e9 71 00 00 00 48 85 d2 0f 

Stack slot to memory mapping:
stack at sp + 0 slots: 0x00007f4710b0a6c0 is at code_begin+832 in an Interpreter codelet
invoke return entry points  [0x00007f4710b0a380, 0x00007f4710b0ad80]  2560 bytes
stack at sp + 1 slots: 0x0000000000002000 is an unknown value
stack at sp + 2 slots: 0x0 is NULL
stack at sp + 3 slots: 0x00000007165e3038 is an oop: [C 
{0x00000007165e3038} - klass: {type array char}
 - length: 8192
stack at sp + 4 slots: 0x00000007165e0d00 is an oop: java.io.InputStreamReader 
{0x00000007165e0d00} - klass: 'java/io/InputStreamReader'
stack at sp + 5 slots: 0x00007f472e638568 is pointing into the stack for thread: 0x00007f4728026000
stack at sp + 6 slots: 0x00007f46fd740c19 is pointing into metadata
stack at sp + 7 slots: 0x00007f472e6385d8 is pointing into the stack for thread: 0x00007f4728026000

invokevirtual  182 invokevirtual  [0x00007f4710b1e580, 0x00007f4710b1ea80]  1280 bytes

---------------  P R O C E S S  ---------------

Threads class SMR info:
_java_thread_list=0x00007f46e0087f40, length=10, elements={
0x00007f4728026000, 0x00007f4728206800, 0x00007f472820a800, 0x00007f4728220800,
0x00007f4728222800, 0x00007f4728224800, 0x00007f4728226800, 0x00007f47282d4800,
0x00007f47282e2800, 0x00007f46e0087000
}

Java Threads: ( => current thread )
=>0x00007f4728026000 JavaThread "main" [_thread_in_Java, id=88004, stack(0x00007f472e53e000,0x00007f472e63f000)]
  0x00007f4728206800 JavaThread "Reference Handler" daemon [_thread_blocked, id=88012, stack(0x00007f46fd075000,0x00007f46fd176000)]
  0x00007f472820a800 JavaThread "Finalizer" daemon [_thread_blocked, id=88013, stack(0x00007f46fcf74000,0x00007f46fd075000)]
  0x00007f4728220800 JavaThread "Signal Dispatcher" daemon [_thread_blocked, id=88014, stack(0x00007f46fc902000,0x00007f46fca03000)]
  0x00007f4728222800 JavaThread "C2 CompilerThread0" daemon [_thread_blocked, id=88015, stack(0x00007f46fc801000,0x00007f46fc902000)]
  0x00007f4728224800 JavaThread "C1 CompilerThread0" daemon [_thread_blocked, id=88016, stack(0x00007f46fc700000,0x00007f46fc801000)]
  0x00007f4728226800 JavaThread "Sweeper thread" daemon [_thread_blocked, id=88017, stack(0x00007f46fc5ff000,0x00007f46fc700000)]
  0x00007f47282d4800 JavaThread "Service Thread" daemon [_thread_blocked, id=88018, stack(0x00007f46fc4fe000,0x00007f46fc5ff000)]
  0x00007f47282e2800 JavaThread "Common-Cleaner" daemon [_thread_blocked, id=88020, stack(0x00007f46fc2fb000,0x00007f46fc3fc000)]
  0x00007f46e0087000 JavaThread "C2 CompilerThread1" daemon [_thread_blocked, id=88021, stack(0x00007f46cbce7000,0x00007f46cbde8000)]

Other Threads:
  0x00007f47281fe800 VMThread "VM Thread" [stack: 0x00007f46fd178000,0x00007f46fd278000] [id=88011]
  0x00007f47282dc000 WatcherThread [stack: 0x00007f46fc3fe000,0x00007f46fc4fe000] [id=88019]
  0x00007f472803b000 GCTaskThread "GC Thread#0" [stack: 0x00007f472d9e9000,0x00007f472dae9000] [id=88006]
  0x00007f4728098800 ConcurrentGCThread "G1 Main Marker" [stack: 0x00007f472c058000,0x00007f472c158000] [id=88007]
  0x00007f472809a800 ConcurrentGCThread "G1 Conc#0" [stack: 0x00007f471023e000,0x00007f471033e000] [id=88008]
  0x00007f472819a000 ConcurrentGCThread "G1 Refine#0" [stack: 0x00007f46fdbfd000,0x00007f46fdcfd000] [id=88009]
  0x00007f472819c000 ConcurrentGCThread "G1 Young RemSet Sampling" [stack: 0x00007f46fdafb000,0x00007f46fdbfb000] [id=88010]

Threads with active compile tasks:

VM state:not at safepoint (normal execution)

VM Mutex/Monitor currently owned by a thread: None

Heap address: 0x0000000707a00000, size: 3974 MB, Compressed Oops mode: Zero based, Oop shift amount: 3
Narrow klass base: 0x0000000800000000, Narrow klass shift: 0
Compressed class space size: 1073741824 Address: 0x0000000800000000

Heap:
 garbage-first heap   total 256000K, used 13312K [0x0000000707a00000, 0x0000000800000000)
  region size 1024K, 15 young (15360K), 0 survivors (0K)
 Metaspace       used 5790K, capacity 5892K, committed 6016K, reserved 1056768K
  class space    used 505K, capacity 560K, committed 640K, reserved 1048576K
Heap Regions: E=young(eden), S=young(survivor), O=old, HS=humongous(starts), HC=humongous(continues), CS=collection set, F=free, A=archive, TAMS=top-at-mark-start (previous, next)
|   0|0x0000000707a00000, 0x0000000707a00000, 0x0000000707b00000|  0%| F|  |TAMS 0x0000000707a00000, 0x0000000707a00000| Untracked 
|   1|0x0000000707b00000, 0x0000000707b00000, 0x0000000707c00000|  0%| F|  |TAMS 0x0000000707b00000, 0x0000000707b00000| Untracked 
|   2|0x0000000707c00000, 0x0000000707c00000, 0x0000000707d00000|  0%| F|  |TAMS 0x0000000707c00000, 0x0000000707c00000| Untracked 
|   3|0x0000000707d00000, 0x0000000707d00000, 0x0000000707e00000|  0%| F|  |TAMS 0x0000000707d00000, 0x0000000707d00000| Untracked 
|   4|0x0000000707e00000, 0x0000000707e00000, 0x0000000707f00000|  0%| F|  |TAMS 0x0000000707e00000, 0x0000000707e00000| Untracked 
|   5|0x0000000707f00000, 0x0000000707f00000, 0x0000000708000000|  0%| F|  |TAMS 0x0000000707f00000, 0x0000000707f00000| Untracked 
|   6|0x0000000708000000, 0x0000000708000000, 0x0000000708100000|  0%| F|  |TAMS 0x0000000708000000, 0x0000000708000000| Untracked 
|   7|0x0000000708100000, 0x0000000708100000, 0x0000000708200000|  0%| F|  |TAMS 0x0000000708100000, 0x0000000708100000| Untracked 
|   8|0x0000000708200000, 0x0000000708200000, 0x0000000708300000|  0%| F|  |TAMS 0x0000000708200000, 0x0000000708200000| Untracked 
|   9|0x0000000708300000, 0x0000000708300000, 0x0000000708400000|  0%| F|  |TAMS 0x0000000708300000, 0x0000000708300000| Untracked 
|  10|0x0000000708400000, 0x0000000708400000, 0x0000000708500000|  0%| F|  |TAMS 0x0000000708400000, 0x0000000708400000| Untracked 
|  11|0x0000000708500000, 0x0000000708500000, 0x0000000708600000|  0%| F|  |TAMS 0x0000000708500000, 0x0000000708500000| Untracked 
|  12|0x0000000708600000, 0x0000000708600000, 0x0000000708700000|  0%| F|  |TAMS 0x0000000708600000, 0x0000000708600000| Untracked 
|  13|0x0000000708700000, 0x0000000708700000, 0x0000000708800000|  0%| F|  |TAMS 0x0000000708700000, 0x0000000708700000| Untracked 
|  14|0x0000000708800000, 0x0000000708800000, 0x0000000708900000|  0%| F|  |TAMS 0x0000000708800000, 0x0000000708800000| Untracked 
|  15|0x0000000708900000, 0x0000000708900000, 0x0000000708a00000|  0%| F|  |TAMS 0x0000000708900000, 0x0000000708900000| Untracked 
|  16|0x0000000708a00000, 0x0000000708a00000, 0x0000000708b00000|  0%| F|  |TAMS 0x0000000708a00000, 0x0000000708a00000| Untracked 
|  17|0x0000000708b00000, 0x0000000708b00000, 0x0000000708c00000|  0%| F|  |TAMS 0x0000000708b00000, 0x0000000708b00000| Untracked 
|  18|0x0000000708c00000, 0x0000000708c00000, 0x0000000708d00000|  0%| F|  |TAMS 0x0000000708c00000, 0x0000000708c00000| Untracked 
|  19|0x0000000708d00000, 0x0000000708d00000, 0x0000000708e00000|  0%| F|  |TAMS 0x0000000708d00000, 0x0000000708d00000| Untracked 
|  20|0x0000000708e00000, 0x0000000708e00000, 0x0000000708f00000|  0%| F|  |TAMS 0x0000000708e00000, 0x0000000708e00000| Untracked 
|  21|0x0000000708f00000, 0x0000000708f00000, 0x0000000709000000|  0%| F|  |TAMS 0x0000000708f00000, 0x0000000708f00000| Untracked 
|  22|0x0000000709000000, 0x0000000709000000, 0x0000000709100000|  0%| F|  |TAMS 0x0000000709000000, 0x0000000709000000| Untracked 
|  23|0x0000000709100000, 0x0000000709100000, 0x0000000709200000|  0%| F|  |TAMS 0x0000000709100000, 0x0000000709100000| Untracked 
|  24|0x0000000709200000, 0x0000000709200000, 0x0000000709300000|  0%| F|  |TAMS 0x0000000709200000, 0x0000000709200000| Untracked 
|  25|0x0000000709300000, 0x0000000709300000, 0x0000000709400000|  0%| F|  |TAMS 0x0000000709300000, 0x0000000709300000| Untracked 
|  26|0x0000000709400000, 0x0000000709400000, 0x0000000709500000|  0%| F|  |TAMS 0x0000000709400000, 0x0000000709400000| Untracked 
|  27|0x0000000709500000, 0x0000000709500000, 0x0000000709600000|  0%| F|  |TAMS 0x0000000709500000, 0x0000000709500000| Untracked 
|  28|0x0000000709600000, 0x0000000709600000, 0x0000000709700000|  0%| F|  |TAMS 0x0000000709600000, 0x0000000709600000| Untracked 
|  29|0x0000000709700000, 0x0000000709700000, 0x0000000709800000|  0%| F|  |TAMS 0x0000000709700000, 0x0000000709700000| Untracked 
|  30|0x0000000709800000, 0x0000000709800000, 0x0000000709900000|  0%| F|  |TAMS 0x0000000709800000, 0x0000000709800000| Untracked 
|  31|0x0000000709900000, 0x0000000709900000, 0x0000000709a00000|  0%| F|  |TAMS 0x0000000709900000, 0x0000000709900000| Untracked 
|  32|0x0000000709a00000, 0x0000000709a00000, 0x0000000709b00000|  0%| F|  |TAMS 0x0000000709a00000, 0x0000000709a00000| Untracked 
|  33|0x0000000709b00000, 0x0000000709b00000, 0x0000000709c00000|  0%| F|  |TAMS 0x0000000709b00000, 0x0000000709b00000| Untracked 
|  34|0x0000000709c00000, 0x0000000709c00000, 0x0000000709d00000|  0%| F|  |TAMS 0x0000000709c00000, 0x0000000709c00000| Untracked 
|  35|0x0000000709d00000, 0x0000000709d00000, 0x0000000709e00000|  0%| F|  |TAMS 0x0000000709d00000, 0x0000000709d00000| Untracked 
|  36|0x0000000709e00000, 0x0000000709e00000, 0x0000000709f00000|  0%| F|  |TAMS 0x0000000709e00000, 0x0000000709e00000| Untracked 
|  37|0x0000000709f00000, 0x0000000709f00000, 0x000000070a000000|  0%| F|  |TAMS 0x0000000709f00000, 0x0000000709f00000| Untracked 
|  38|0x000000070a000000, 0x000000070a000000, 0x000000070a100000|  0%| F|  |TAMS 0x000000070a000000, 0x000000070a000000| Untracked 
|  39|0x000000070a100000, 0x000000070a100000, 0x000000070a200000|  0%| F|  |TAMS 0x000000070a100000, 0x000000070a100000| Untracked 
|  40|0x000000070a200000, 0x000000070a200000, 0x000000070a300000|  0%| F|  |TAMS 0x000000070a200000, 0x000000070a200000| Untracked 
|  41|0x000000070a300000, 0x000000070a300000, 0x000000070a400000|  0%| F|  |TAMS 0x000000070a300000, 0x000000070a300000| Untracked 
|  42|0x000000070a400000, 0x000000070a400000, 0x000000070a500000|  0%| F|  |TAMS 0x000000070a400000, 0x000000070a400000| Untracked 
|  43|0x000000070a500000, 0x000000070a500000, 0x000000070a600000|  0%| F|  |TAMS 0x000000070a500000, 0x000000070a500000| Untracked 
|  44|0x000000070a600000, 0x000000070a600000, 0x000000070a700000|  0%| F|  |TAMS 0x000000070a600000, 0x000000070a600000| Untracked 
|  45|0x000000070a700000, 0x000000070a700000, 0x000000070a800000|  0%| F|  |TAMS 0x000000070a700000, 0x000000070a700000| Untracked 
|  46|0x000000070a800000, 0x000000070a800000, 0x000000070a900000|  0%| F|  |TAMS 0x000000070a800000, 0x000000070a800000| Untracked 
|  47|0x000000070a900000, 0x000000070a900000, 0x000000070aa00000|  0%| F|  |TAMS 0x000000070a900000, 0x000000070a900000| Untracked 
|  48|0x000000070aa00000, 0x000000070aa00000, 0x000000070ab00000|  0%| F|  |TAMS 0x000000070aa00000, 0x000000070aa00000| Untracked 
|  49|0x000000070ab00000, 0x000000070ab00000, 0x000000070ac00000|  0%| F|  |TAMS 0x000000070ab00000, 0x000000070ab00000| Untracked 
|  50|0x000000070ac00000, 0x000000070ac00000, 0x000000070ad00000|  0%| F|  |TAMS 0x000000070ac00000, 0x000000070ac00000| Untracked 
|  51|0x000000070ad00000, 0x000000070ad00000, 0x000000070ae00000|  0%| F|  |TAMS 0x000000070ad00000, 0x000000070ad00000| Untracked 
|  52|0x000000070ae00000, 0x000000070ae00000, 0x000000070af00000|  0%| F|  |TAMS 0x000000070ae00000, 0x000000070ae00000| Untracked 
|  53|0x000000070af00000, 0x000000070af00000, 0x000000070b000000|  0%| F|  |TAMS 0x000000070af00000, 0x000000070af00000| Untracked 
|  54|0x000000070b000000, 0x000000070b000000, 0x000000070b100000|  0%| F|  |TAMS 0x000000070b000000, 0x000000070b000000| Untracked 
|  55|0x000000070b100000, 0x000000070b100000, 0x000000070b200000|  0%| F|  |TAMS 0x000000070b100000, 0x000000070b100000| Untracked 
|  56|0x000000070b200000, 0x000000070b200000, 0x000000070b300000|  0%| F|  |TAMS 0x000000070b200000, 0x000000070b200000| Untracked 
|  57|0x000000070b300000, 0x000000070b300000, 0x000000070b400000|  0%| F|  |TAMS 0x000000070b300000, 0x000000070b300000| Untracked 
|  58|0x000000070b400000, 0x000000070b400000, 0x000000070b500000|  0%| F|  |TAMS 0x000000070b400000, 0x000000070b400000| Untracked 
|  59|0x000000070b500000, 0x000000070b500000, 0x000000070b600000|  0%| F|  |TAMS 0x000000070b500000, 0x000000070b500000| Untracked 
|  60|0x000000070b600000, 0x000000070b600000, 0x000000070b700000|  0%| F|  |TAMS 0x000000070b600000, 0x000000070b600000| Untracked 
|  61|0x000000070b700000, 0x000000070b700000, 0x000000070b800000|  0%| F|  |TAMS 0x000000070b700000, 0x000000070b700000| Untracked 
|  62|0x000000070b800000, 0x000000070b800000, 0x000000070b900000|  0%| F|  |TAMS 0x000000070b800000, 0x000000070b800000| Untracked 
|  63|0x000000070b900000, 0x000000070b900000, 0x000000070ba00000|  0%| F|  |TAMS 0x000000070b900000, 0x000000070b900000| Untracked 
|  64|0x000000070ba00000, 0x000000070ba00000, 0x000000070bb00000|  0%| F|  |TAMS 0x000000070ba00000, 0x000000070ba00000| Untracked 
|  65|0x000000070bb00000, 0x000000070bb00000, 0x000000070bc00000|  0%| F|  |TAMS 0x000000070bb00000, 0x000000070bb00000| Untracked 
|  66|0x000000070bc00000, 0x000000070bc00000, 0x000000070bd00000|  0%| F|  |TAMS 0x000000070bc00000, 0x000000070bc00000| Untracked 
|  67|0x000000070bd00000, 0x000000070bd00000, 0x000000070be00000|  0%| F|  |TAMS 0x000000070bd00000, 0x000000070bd00000| Untracked 
|  68|0x000000070be00000, 0x000000070be00000, 0x000000070bf00000|  0%| F|  |TAMS 0x000000070be00000, 0x000000070be00000| Untracked 
|  69|0x000000070bf00000, 0x000000070bf00000, 0x000000070c000000|  0%| F|  |TAMS 0x000000070bf00000, 0x000000070bf00000| Untracked 
|  70|0x000000070c000000, 0x000000070c000000, 0x000000070c100000|  0%| F|  |TAMS 0x000000070c000000, 0x000000070c000000| Untracked 
|  71|0x000000070c100000, 0x000000070c100000, 0x000000070c200000|  0%| F|  |TAMS 0x000000070c100000, 0x000000070c100000| Untracked 
|  72|0x000000070c200000, 0x000000070c200000, 0x000000070c300000|  0%| F|  |TAMS 0x000000070c200000, 0x000000070c200000| Untracked 
|  73|0x000000070c300000, 0x000000070c300000, 0x000000070c400000|  0%| F|  |TAMS 0x000000070c300000, 0x000000070c300000| Untracked 
|  74|0x000000070c400000, 0x000000070c400000, 0x000000070c500000|  0%| F|  |TAMS 0x000000070c400000, 0x000000070c400000| Untracked 
|  75|0x000000070c500000, 0x000000070c500000, 0x000000070c600000|  0%| F|  |TAMS 0x000000070c500000, 0x000000070c500000| Untracked 
|  76|0x000000070c600000, 0x000000070c600000, 0x000000070c700000|  0%| F|  |TAMS 0x000000070c600000, 0x000000070c600000| Untracked 
|  77|0x000000070c700000, 0x000000070c700000, 0x000000070c800000|  0%| F|  |TAMS 0x000000070c700000, 0x000000070c700000| Untracked 
|  78|0x000000070c800000, 0x000000070c800000, 0x000000070c900000|  0%| F|  |TAMS 0x000000070c800000, 0x000000070c800000| Untracked 
|  79|0x000000070c900000, 0x000000070c900000, 0x000000070ca00000|  0%| F|  |TAMS 0x000000070c900000, 0x000000070c900000| Untracked 
|  80|0x000000070ca00000, 0x000000070ca00000, 0x000000070cb00000|  0%| F|  |TAMS 0x000000070ca00000, 0x000000070ca00000| Untracked 
|  81|0x000000070cb00000, 0x000000070cb00000, 0x000000070cc00000|  0%| F|  |TAMS 0x000000070cb00000, 0x000000070cb00000| Untracked 
|  82|0x000000070cc00000, 0x000000070cc00000, 0x000000070cd00000|  0%| F|  |TAMS 0x000000070cc00000, 0x000000070cc00000| Untracked 
|  83|0x000000070cd00000, 0x000000070cd00000, 0x000000070ce00000|  0%| F|  |TAMS 0x000000070cd00000, 0x000000070cd00000| Untracked 
|  84|0x000000070ce00000, 0x000000070ce00000, 0x000000070cf00000|  0%| F|  |TAMS 0x000000070ce00000, 0x000000070ce00000| Untracked 
|  85|0x000000070cf00000, 0x000000070cf00000, 0x000000070d000000|  0%| F|  |TAMS 0x000000070cf00000, 0x000000070cf00000| Untracked 
|  86|0x000000070d000000, 0x000000070d000000, 0x000000070d100000|  0%| F|  |TAMS 0x000000070d000000, 0x000000070d000000| Untracked 
|  87|0x000000070d100000, 0x000000070d100000, 0x000000070d200000|  0%| F|  |TAMS 0x000000070d100000, 0x000000070d100000| Untracked 
|  88|0x000000070d200000, 0x000000070d200000, 0x000000070d300000|  0%| F|  |TAMS 0x000000070d200000, 0x000000070d200000| Untracked 
|  89|0x000000070d300000, 0x000000070d300000, 0x000000070d400000|  0%| F|  |TAMS 0x000000070d300000, 0x000000070d300000| Untracked 
|  90|0x000000070d400000, 0x000000070d400000, 0x000000070d500000|  0%| F|  |TAMS 0x000000070d400000, 0x000000070d400000| Untracked 
|  91|0x000000070d500000, 0x000000070d500000, 0x000000070d600000|  0%| F|  |TAMS 0x000000070d500000, 0x000000070d500000| Untracked 
|  92|0x000000070d600000, 0x000000070d600000, 0x000000070d700000|  0%| F|  |TAMS 0x000000070d600000, 0x000000070d600000| Untracked 
|  93|0x000000070d700000, 0x000000070d700000, 0x000000070d800000|  0%| F|  |TAMS 0x000000070d700000, 0x000000070d700000| Untracked 
|  94|0x000000070d800000, 0x000000070d800000, 0x000000070d900000|  0%| F|  |TAMS 0x000000070d800000, 0x000000070d800000| Untracked 
|  95|0x000000070d900000, 0x000000070d900000, 0x000000070da00000|  0%| F|  |TAMS 0x000000070d900000, 0x000000070d900000| Untracked 
|  96|0x000000070da00000, 0x000000070da00000, 0x000000070db00000|  0%| F|  |TAMS 0x000000070da00000, 0x000000070da00000| Untracked 
|  97|0x000000070db00000, 0x000000070db00000, 0x000000070dc00000|  0%| F|  |TAMS 0x000000070db00000, 0x000000070db00000| Untracked 
|  98|0x000000070dc00000, 0x000000070dc00000, 0x000000070dd00000|  0%| F|  |TAMS 0x000000070dc00000, 0x000000070dc00000| Untracked 
|  99|0x000000070dd00000, 0x000000070dd00000, 0x000000070de00000|  0%| F|  |TAMS 0x000000070dd00000, 0x000000070dd00000| Untracked 
| 100|0x000000070de00000, 0x000000070de00000, 0x000000070df00000|  0%| F|  |TAMS 0x000000070de00000, 0x000000070de00000| Untracked 
| 101|0x000000070df00000, 0x000000070df00000, 0x000000070e000000|  0%| F|  |TAMS 0x000000070df00000, 0x000000070df00000| Untracked 
| 102|0x000000070e000000, 0x000000070e000000, 0x000000070e100000|  0%| F|  |TAMS 0x000000070e000000, 0x000000070e000000| Untracked 
| 103|0x000000070e100000, 0x000000070e100000, 0x000000070e200000|  0%| F|  |TAMS 0x000000070e100000, 0x000000070e100000| Untracked 
| 104|0x000000070e200000, 0x000000070e200000, 0x000000070e300000|  0%| F|  |TAMS 0x000000070e200000, 0x000000070e200000| Untracked 
| 105|0x000000070e300000, 0x000000070e300000, 0x000000070e400000|  0%| F|  |TAMS 0x000000070e300000, 0x000000070e300000| Untracked 
| 106|0x000000070e400000, 0x000000070e400000, 0x000000070e500000|  0%| F|  |TAMS 0x000000070e400000, 0x000000070e400000| Untracked 
| 107|0x000000070e500000, 0x000000070e500000, 0x000000070e600000|  0%| F|  |TAMS 0x000000070e500000, 0x000000070e500000| Untracked 
| 108|0x000000070e600000, 0x000000070e600000, 0x000000070e700000|  0%| F|  |TAMS 0x000000070e600000, 0x000000070e600000| Untracked 
| 109|0x000000070e700000, 0x000000070e700000, 0x000000070e800000|  0%| F|  |TAMS 0x000000070e700000, 0x000000070e700000| Untracked 
| 110|0x000000070e800000, 0x000000070e800000, 0x000000070e900000|  0%| F|  |TAMS 0x000000070e800000, 0x000000070e800000| Untracked 
| 111|0x000000070e900000, 0x000000070e900000, 0x000000070ea00000|  0%| F|  |TAMS 0x000000070e900000, 0x000000070e900000| Untracked 
| 112|0x000000070ea00000, 0x000000070ea00000, 0x000000070eb00000|  0%| F|  |TAMS 0x000000070ea00000, 0x000000070ea00000| Untracked 
| 113|0x000000070eb00000, 0x000000070eb00000, 0x000000070ec00000|  0%| F|  |TAMS 0x000000070eb00000, 0x000000070eb00000| Untracked 
| 114|0x000000070ec00000, 0x000000070ec00000, 0x000000070ed00000|  0%| F|  |TAMS 0x000000070ec00000, 0x000000070ec00000| Untracked 
| 115|0x000000070ed00000, 0x000000070ed00000, 0x000000070ee00000|  0%| F|  |TAMS 0x000000070ed00000, 0x000000070ed00000| Untracked 
| 116|0x000000070ee00000, 0x000000070ee00000, 0x000000070ef00000|  0%| F|  |TAMS 0x000000070ee00000, 0x000000070ee00000| Untracked 
| 117|0x000000070ef00000, 0x000000070ef00000, 0x000000070f000000|  0%| F|  |TAMS 0x000000070ef00000, 0x000000070ef00000| Untracked 
| 118|0x000000070f000000, 0x000000070f000000, 0x000000070f100000|  0%| F|  |TAMS 0x000000070f000000, 0x000000070f000000| Untracked 
| 119|0x000000070f100000, 0x000000070f100000, 0x000000070f200000|  0%| F|  |TAMS 0x000000070f100000, 0x000000070f100000| Untracked 
| 120|0x000000070f200000, 0x000000070f200000, 0x000000070f300000|  0%| F|  |TAMS 0x000000070f200000, 0x000000070f200000| Untracked 
| 121|0x000000070f300000, 0x000000070f300000, 0x000000070f400000|  0%| F|  |TAMS 0x000000070f300000, 0x000000070f300000| Untracked 
| 122|0x000000070f400000, 0x000000070f400000, 0x000000070f500000|  0%| F|  |TAMS 0x000000070f400000, 0x000000070f400000| Untracked 
| 123|0x000000070f500000, 0x000000070f500000, 0x000000070f600000|  0%| F|  |TAMS 0x000000070f500000, 0x000000070f500000| Untracked 
| 124|0x000000070f600000, 0x000000070f600000, 0x000000070f700000|  0%| F|  |TAMS 0x000000070f600000, 0x000000070f600000| Untracked 
| 125|0x000000070f700000, 0x000000070f700000, 0x000000070f800000|  0%| F|  |TAMS 0x000000070f700000, 0x000000070f700000| Untracked 
| 126|0x000000070f800000, 0x000000070f800000, 0x000000070f900000|  0%| F|  |TAMS 0x000000070f800000, 0x000000070f800000| Untracked 
| 127|0x000000070f900000, 0x000000070f900000, 0x000000070fa00000|  0%| F|  |TAMS 0x000000070f900000, 0x000000070f900000| Untracked 
| 128|0x000000070fa00000, 0x000000070fa00000, 0x000000070fb00000|  0%| F|  |TAMS 0x000000070fa00000, 0x000000070fa00000| Untracked 
| 129|0x000000070fb00000, 0x000000070fb00000, 0x000000070fc00000|  0%| F|  |TAMS 0x000000070fb00000, 0x000000070fb00000| Untracked 
| 130|0x000000070fc00000, 0x000000070fc00000, 0x000000070fd00000|  0%| F|  |TAMS 0x000000070fc00000, 0x000000070fc00000| Untracked 
| 131|0x000000070fd00000, 0x000000070fd00000, 0x000000070fe00000|  0%| F|  |TAMS 0x000000070fd00000, 0x000000070fd00000| Untracked 
| 132|0x000000070fe00000, 0x000000070fe00000, 0x000000070ff00000|  0%| F|  |TAMS 0x000000070fe00000, 0x000000070fe00000| Untracked 
| 133|0x000000070ff00000, 0x000000070ff00000, 0x0000000710000000|  0%| F|  |TAMS 0x000000070ff00000, 0x000000070ff00000| Untracked 
| 134|0x0000000710000000, 0x0000000710000000, 0x0000000710100000|  0%| F|  |TAMS 0x0000000710000000, 0x0000000710000000| Untracked 
| 135|0x0000000710100000, 0x0000000710100000, 0x0000000710200000|  0%| F|  |TAMS 0x0000000710100000, 0x0000000710100000| Untracked 
| 136|0x0000000710200000, 0x0000000710200000, 0x0000000710300000|  0%| F|  |TAMS 0x0000000710200000, 0x0000000710200000| Untracked 
| 137|0x0000000710300000, 0x0000000710300000, 0x0000000710400000|  0%| F|  |TAMS 0x0000000710300000, 0x0000000710300000| Untracked 
| 138|0x0000000710400000, 0x0000000710400000, 0x0000000710500000|  0%| F|  |TAMS 0x0000000710400000, 0x0000000710400000| Untracked 
| 139|0x0000000710500000, 0x0000000710500000, 0x0000000710600000|  0%| F|  |TAMS 0x0000000710500000, 0x0000000710500000| Untracked 
| 140|0x0000000710600000, 0x0000000710600000, 0x0000000710700000|  0%| F|  |TAMS 0x0000000710600000, 0x0000000710600000| Untracked 
| 141|0x0000000710700000, 0x0000000710700000, 0x0000000710800000|  0%| F|  |TAMS 0x0000000710700000, 0x0000000710700000| Untracked 
| 142|0x0000000710800000, 0x0000000710800000, 0x0000000710900000|  0%| F|  |TAMS 0x0000000710800000, 0x0000000710800000| Untracked 
| 143|0x0000000710900000, 0x0000000710900000, 0x0000000710a00000|  0%| F|  |TAMS 0x0000000710900000, 0x0000000710900000| Untracked 
| 144|0x0000000710a00000, 0x0000000710a00000, 0x0000000710b00000|  0%| F|  |TAMS 0x0000000710a00000, 0x0000000710a00000| Untracked 
| 145|0x0000000710b00000, 0x0000000710b00000, 0x0000000710c00000|  0%| F|  |TAMS 0x0000000710b00000, 0x0000000710b00000| Untracked 
| 146|0x0000000710c00000, 0x0000000710c00000, 0x0000000710d00000|  0%| F|  |TAMS 0x0000000710c00000, 0x0000000710c00000| Untracked 
| 147|0x0000000710d00000, 0x0000000710d00000, 0x0000000710e00000|  0%| F|  |TAMS 0x0000000710d00000, 0x0000000710d00000| Untracked 
| 148|0x0000000710e00000, 0x0000000710e00000, 0x0000000710f00000|  0%| F|  |TAMS 0x0000000710e00000, 0x0000000710e00000| Untracked 
| 149|0x0000000710f00000, 0x0000000710f00000, 0x0000000711000000|  0%| F|  |TAMS 0x0000000710f00000, 0x0000000710f00000| Untracked 
| 150|0x0000000711000000, 0x0000000711000000, 0x0000000711100000|  0%| F|  |TAMS 0x0000000711000000, 0x0000000711000000| Untracked 
| 151|0x0000000711100000, 0x0000000711100000, 0x0000000711200000|  0%| F|  |TAMS 0x0000000711100000, 0x0000000711100000| Untracked 
| 152|0x0000000711200000, 0x0000000711200000, 0x0000000711300000|  0%| F|  |TAMS 0x0000000711200000, 0x0000000711200000| Untracked 
| 153|0x0000000711300000, 0x0000000711300000, 0x0000000711400000|  0%| F|  |TAMS 0x0000000711300000, 0x0000000711300000| Untracked 
| 154|0x0000000711400000, 0x0000000711400000, 0x0000000711500000|  0%| F|  |TAMS 0x0000000711400000, 0x0000000711400000| Untracked 
| 155|0x0000000711500000, 0x0000000711500000, 0x0000000711600000|  0%| F|  |TAMS 0x0000000711500000, 0x0000000711500000| Untracked 
| 156|0x0000000711600000, 0x0000000711600000, 0x0000000711700000|  0%| F|  |TAMS 0x0000000711600000, 0x0000000711600000| Untracked 
| 157|0x0000000711700000, 0x0000000711700000, 0x0000000711800000|  0%| F|  |TAMS 0x0000000711700000, 0x0000000711700000| Untracked 
| 158|0x0000000711800000, 0x0000000711800000, 0x0000000711900000|  0%| F|  |TAMS 0x0000000711800000, 0x0000000711800000| Untracked 
| 159|0x0000000711900000, 0x0000000711900000, 0x0000000711a00000|  0%| F|  |TAMS 0x0000000711900000, 0x0000000711900000| Untracked 
| 160|0x0000000711a00000, 0x0000000711a00000, 0x0000000711b00000|  0%| F|  |TAMS 0x0000000711a00000, 0x0000000711a00000| Untracked 
| 161|0x0000000711b00000, 0x0000000711b00000, 0x0000000711c00000|  0%| F|  |TAMS 0x0000000711b00000, 0x0000000711b00000| Untracked 
| 162|0x0000000711c00000, 0x0000000711c00000, 0x0000000711d00000|  0%| F|  |TAMS 0x0000000711c00000, 0x0000000711c00000| Untracked 
| 163|0x0000000711d00000, 0x0000000711d00000, 0x0000000711e00000|  0%| F|  |TAMS 0x0000000711d00000, 0x0000000711d00000| Untracked 
| 164|0x0000000711e00000, 0x0000000711e00000, 0x0000000711f00000|  0%| F|  |TAMS 0x0000000711e00000, 0x0000000711e00000| Untracked 
| 165|0x0000000711f00000, 0x0000000711f00000, 0x0000000712000000|  0%| F|  |TAMS 0x0000000711f00000, 0x0000000711f00000| Untracked 
| 166|0x0000000712000000, 0x0000000712000000, 0x0000000712100000|  0%| F|  |TAMS 0x0000000712000000, 0x0000000712000000| Untracked 
| 167|0x0000000712100000, 0x0000000712100000, 0x0000000712200000|  0%| F|  |TAMS 0x0000000712100000, 0x0000000712100000| Untracked 
| 168|0x0000000712200000, 0x0000000712200000, 0x0000000712300000|  0%| F|  |TAMS 0x0000000712200000, 0x0000000712200000| Untracked 
| 169|0x0000000712300000, 0x0000000712300000, 0x0000000712400000|  0%| F|  |TAMS 0x0000000712300000, 0x0000000712300000| Untracked 
| 170|0x0000000712400000, 0x0000000712400000, 0x0000000712500000|  0%| F|  |TAMS 0x0000000712400000, 0x0000000712400000| Untracked 
| 171|0x0000000712500000, 0x0000000712500000, 0x0000000712600000|  0%| F|  |TAMS 0x0000000712500000, 0x0000000712500000| Untracked 
| 172|0x0000000712600000, 0x0000000712600000, 0x0000000712700000|  0%| F|  |TAMS 0x0000000712600000, 0x0000000712600000| Untracked 
| 173|0x0000000712700000, 0x0000000712700000, 0x0000000712800000|  0%| F|  |TAMS 0x0000000712700000, 0x0000000712700000| Untracked 
| 174|0x0000000712800000, 0x0000000712800000, 0x0000000712900000|  0%| F|  |TAMS 0x0000000712800000, 0x0000000712800000| Untracked 
| 175|0x0000000712900000, 0x0000000712900000, 0x0000000712a00000|  0%| F|  |TAMS 0x0000000712900000, 0x0000000712900000| Untracked 
| 176|0x0000000712a00000, 0x0000000712a00000, 0x0000000712b00000|  0%| F|  |TAMS 0x0000000712a00000, 0x0000000712a00000| Untracked 
| 177|0x0000000712b00000, 0x0000000712b00000, 0x0000000712c00000|  0%| F|  |TAMS 0x0000000712b00000, 0x0000000712b00000| Untracked 
| 178|0x0000000712c00000, 0x0000000712c00000, 0x0000000712d00000|  0%| F|  |TAMS 0x0000000712c00000, 0x0000000712c00000| Untracked 
| 179|0x0000000712d00000, 0x0000000712d00000, 0x0000000712e00000|  0%| F|  |TAMS 0x0000000712d00000, 0x0000000712d00000| Untracked 
| 180|0x0000000712e00000, 0x0000000712e00000, 0x0000000712f00000|  0%| F|  |TAMS 0x0000000712e00000, 0x0000000712e00000| Untracked 
| 181|0x0000000712f00000, 0x0000000712f00000, 0x0000000713000000|  0%| F|  |TAMS 0x0000000712f00000, 0x0000000712f00000| Untracked 
| 182|0x0000000713000000, 0x0000000713000000, 0x0000000713100000|  0%| F|  |TAMS 0x0000000713000000, 0x0000000713000000| Untracked 
| 183|0x0000000713100000, 0x0000000713100000, 0x0000000713200000|  0%| F|  |TAMS 0x0000000713100000, 0x0000000713100000| Untracked 
| 184|0x0000000713200000, 0x0000000713200000, 0x0000000713300000|  0%| F|  |TAMS 0x0000000713200000, 0x0000000713200000| Untracked 
| 185|0x0000000713300000, 0x0000000713300000, 0x0000000713400000|  0%| F|  |TAMS 0x0000000713300000, 0x0000000713300000| Untracked 
| 186|0x0000000713400000, 0x0000000713400000, 0x0000000713500000|  0%| F|  |TAMS 0x0000000713400000, 0x0000000713400000| Untracked 
| 187|0x0000000713500000, 0x0000000713500000, 0x0000000713600000|  0%| F|  |TAMS 0x0000000713500000, 0x0000000713500000| Untracked 
| 188|0x0000000713600000, 0x0000000713600000, 0x0000000713700000|  0%| F|  |TAMS 0x0000000713600000, 0x0000000713600000| Untracked 
| 189|0x0000000713700000, 0x0000000713700000, 0x0000000713800000|  0%| F|  |TAMS 0x0000000713700000, 0x0000000713700000| Untracked 
| 190|0x0000000713800000, 0x0000000713800000, 0x0000000713900000|  0%| F|  |TAMS 0x0000000713800000, 0x0000000713800000| Untracked 
| 191|0x0000000713900000, 0x0000000713900000, 0x0000000713a00000|  0%| F|  |TAMS 0x0000000713900000, 0x0000000713900000| Untracked 
| 192|0x0000000713a00000, 0x0000000713a00000, 0x0000000713b00000|  0%| F|  |TAMS 0x0000000713a00000, 0x0000000713a00000| Untracked 
| 193|0x0000000713b00000, 0x0000000713b00000, 0x0000000713c00000|  0%| F|  |TAMS 0x0000000713b00000, 0x0000000713b00000| Untracked 
| 194|0x0000000713c00000, 0x0000000713c00000, 0x0000000713d00000|  0%| F|  |TAMS 0x0000000713c00000, 0x0000000713c00000| Untracked 
| 195|0x0000000713d00000, 0x0000000713d00000, 0x0000000713e00000|  0%| F|  |TAMS 0x0000000713d00000, 0x0000000713d00000| Untracked 
| 196|0x0000000713e00000, 0x0000000713e00000, 0x0000000713f00000|  0%| F|  |TAMS 0x0000000713e00000, 0x0000000713e00000| Untracked 
| 197|0x0000000713f00000, 0x0000000713f00000, 0x0000000714000000|  0%| F|  |TAMS 0x0000000713f00000, 0x0000000713f00000| Untracked 
| 198|0x0000000714000000, 0x0000000714000000, 0x0000000714100000|  0%| F|  |TAMS 0x0000000714000000, 0x0000000714000000| Untracked 
| 199|0x0000000714100000, 0x0000000714100000, 0x0000000714200000|  0%| F|  |TAMS 0x0000000714100000, 0x0000000714100000| Untracked 
| 200|0x0000000714200000, 0x0000000714200000, 0x0000000714300000|  0%| F|  |TAMS 0x0000000714200000, 0x0000000714200000| Untracked 
| 201|0x0000000714300000, 0x0000000714300000, 0x0000000714400000|  0%| F|  |TAMS 0x0000000714300000, 0x0000000714300000| Untracked 
| 202|0x0000000714400000, 0x0000000714400000, 0x0000000714500000|  0%| F|  |TAMS 0x0000000714400000, 0x0000000714400000| Untracked 
| 203|0x0000000714500000, 0x0000000714500000, 0x0000000714600000|  0%| F|  |TAMS 0x0000000714500000, 0x0000000714500000| Untracked 
| 204|0x0000000714600000, 0x0000000714600000, 0x0000000714700000|  0%| F|  |TAMS 0x0000000714600000, 0x0000000714600000| Untracked 
| 205|0x0000000714700000, 0x0000000714700000, 0x0000000714800000|  0%| F|  |TAMS 0x0000000714700000, 0x0000000714700000| Untracked 
| 206|0x0000000714800000, 0x0000000714800000, 0x0000000714900000|  0%| F|  |TAMS 0x0000000714800000, 0x0000000714800000| Untracked 
| 207|0x0000000714900000, 0x0000000714900000, 0x0000000714a00000|  0%| F|  |TAMS 0x0000000714900000, 0x0000000714900000| Untracked 
| 208|0x0000000714a00000, 0x0000000714a00000, 0x0000000714b00000|  0%| F|  |TAMS 0x0000000714a00000, 0x0000000714a00000| Untracked 
| 209|0x0000000714b00000, 0x0000000714b00000, 0x0000000714c00000|  0%| F|  |TAMS 0x0000000714b00000, 0x0000000714b00000| Untracked 
| 210|0x0000000714c00000, 0x0000000714c00000, 0x0000000714d00000|  0%| F|  |TAMS 0x0000000714c00000, 0x0000000714c00000| Untracked 
| 211|0x0000000714d00000, 0x0000000714d00000, 0x0000000714e00000|  0%| F|  |TAMS 0x0000000714d00000, 0x0000000714d00000| Untracked 
| 212|0x0000000714e00000, 0x0000000714e00000, 0x0000000714f00000|  0%| F|  |TAMS 0x0000000714e00000, 0x0000000714e00000| Untracked 
| 213|0x0000000714f00000, 0x0000000714f00000, 0x0000000715000000|  0%| F|  |TAMS 0x0000000714f00000, 0x0000000714f00000| Untracked 
| 214|0x0000000715000000, 0x0000000715000000, 0x0000000715100000|  0%| F|  |TAMS 0x0000000715000000, 0x0000000715000000| Untracked 
| 215|0x0000000715100000, 0x0000000715100000, 0x0000000715200000|  0%| F|  |TAMS 0x0000000715100000, 0x0000000715100000| Untracked 
| 216|0x0000000715200000, 0x0000000715200000, 0x0000000715300000|  0%| F|  |TAMS 0x0000000715200000, 0x0000000715200000| Untracked 
| 217|0x0000000715300000, 0x0000000715300000, 0x0000000715400000|  0%| F|  |TAMS 0x0000000715300000, 0x0000000715300000| Untracked 
| 218|0x0000000715400000, 0x0000000715400000, 0x0000000715500000|  0%| F|  |TAMS 0x0000000715400000, 0x0000000715400000| Untracked 
| 219|0x0000000715500000, 0x0000000715500000, 0x0000000715600000|  0%| F|  |TAMS 0x0000000715500000, 0x0000000715500000| Untracked 
| 220|0x0000000715600000, 0x0000000715600000, 0x0000000715700000|  0%| F|  |TAMS 0x0000000715600000, 0x0000000715600000| Untracked 
| 221|0x0000000715700000, 0x0000000715700000, 0x0000000715800000|  0%| F|  |TAMS 0x0000000715700000, 0x0000000715700000| Untracked 
| 222|0x0000000715800000, 0x0000000715800000, 0x0000000715900000|  0%| F|  |TAMS 0x0000000715800000, 0x0000000715800000| Untracked 
| 223|0x0000000715900000, 0x0000000715900000, 0x0000000715a00000|  0%| F|  |TAMS 0x0000000715900000, 0x0000000715900000| Untracked 
| 224|0x0000000715a00000, 0x0000000715a00000, 0x0000000715b00000|  0%| F|  |TAMS 0x0000000715a00000, 0x0000000715a00000| Untracked 
| 225|0x0000000715b00000, 0x0000000715b00000, 0x0000000715c00000|  0%| F|  |TAMS 0x0000000715b00000, 0x0000000715b00000| Untracked 
| 226|0x0000000715c00000, 0x0000000715c00000, 0x0000000715d00000|  0%| F|  |TAMS 0x0000000715c00000, 0x0000000715c00000| Untracked 
| 227|0x0000000715d00000, 0x0000000715d00000, 0x0000000715e00000|  0%| F|  |TAMS 0x0000000715d00000, 0x0000000715d00000| Untracked 
| 228|0x0000000715e00000, 0x0000000715e00000, 0x0000000715f00000|  0%| F|  |TAMS 0x0000000715e00000, 0x0000000715e00000| Untracked 
| 229|0x0000000715f00000, 0x0000000715f00000, 0x0000000716000000|  0%| F|  |TAMS 0x0000000715f00000, 0x0000000715f00000| Untracked 
| 230|0x0000000716000000, 0x0000000716000000, 0x0000000716100000|  0%| F|  |TAMS 0x0000000716000000, 0x0000000716000000| Untracked 
| 231|0x0000000716100000, 0x0000000716100000, 0x0000000716200000|  0%| F|  |TAMS 0x0000000716100000, 0x0000000716100000| Untracked 
| 232|0x0000000716200000, 0x0000000716200000, 0x0000000716300000|  0%| F|  |TAMS 0x0000000716200000, 0x0000000716200000| Untracked 
| 233|0x0000000716300000, 0x0000000716300000, 0x0000000716400000|  0%| F|  |TAMS 0x0000000716300000, 0x0000000716300000| Untracked 
| 234|0x0000000716400000, 0x0000000716400000, 0x0000000716500000|  0%| F|  |TAMS 0x0000000716400000, 0x0000000716400000| Untracked 
| 235|0x0000000716500000, 0x00000007165f6898, 0x0000000716600000| 96%| E|  |TAMS 0x0000000716500000, 0x0000000716500000| Complete 
| 236|0x0000000716600000, 0x0000000716700000, 0x0000000716700000|100%| E|CS|TAMS 0x0000000716600000, 0x0000000716600000| Complete 
| 237|0x0000000716700000, 0x0000000716800000, 0x0000000716800000|100%| E|CS|TAMS 0x0000000716700000, 0x0000000716700000| Complete 
| 238|0x0000000716800000, 0x0000000716900000, 0x0000000716900000|100%| E|CS|TAMS 0x0000000716800000, 0x0000000716800000| Complete 
| 239|0x0000000716900000, 0x0000000716a00000, 0x0000000716a00000|100%| E|  |TAMS 0x0000000716900000, 0x0000000716900000| Complete 
| 240|0x0000000716a00000, 0x0000000716b00000, 0x0000000716b00000|100%| E|CS|TAMS 0x0000000716a00000, 0x0000000716a00000| Complete 
| 241|0x0000000716b00000, 0x0000000716c00000, 0x0000000716c00000|100%| E|CS|TAMS 0x0000000716b00000, 0x0000000716b00000| Complete 
| 242|0x0000000716c00000, 0x0000000716d00000, 0x0000000716d00000|100%| E|CS|TAMS 0x0000000716c00000, 0x0000000716c00000| Complete 
| 243|0x0000000716d00000, 0x0000000716e00000, 0x0000000716e00000|100%| E|CS|TAMS 0x0000000716d00000, 0x0000000716d00000| Complete 
| 244|0x0000000716e00000, 0x0000000716f00000, 0x0000000716f00000|100%| E|CS|TAMS 0x0000000716e00000, 0x0000000716e00000| Complete 
| 245|0x0000000716f00000, 0x0000000717000000, 0x0000000717000000|100%| E|CS|TAMS 0x0000000716f00000, 0x0000000716f00000| Complete 
| 246|0x0000000717000000, 0x0000000717100000, 0x0000000717100000|100%| E|CS|TAMS 0x0000000717000000, 0x0000000717000000| Complete 
| 247|0x0000000717100000, 0x0000000717200000, 0x0000000717200000|100%| E|CS|TAMS 0x0000000717100000, 0x0000000717100000| Complete 
| 248|0x0000000717200000, 0x0000000717300000, 0x0000000717300000|100%| E|CS|TAMS 0x0000000717200000, 0x0000000717200000| Complete 
| 249|0x0000000717300000, 0x0000000717400000, 0x0000000717400000|100%| E|CS|TAMS 0x0000000717300000, 0x0000000717300000| Complete 

Card table byte_map: [0x00007f472c259000,0x00007f472ca1c000] _byte_map_base: 0x00007f4728a1c000

Marking Bits (Prev, Next): (CMBitMap*) 0x00007f47280885d8, (CMBitMap*) 0x00007f4728088610
 Prev Bits: [0x00007f47081e8000, 0x00007f470c000000)
 Next Bits: [0x00007f47043d0000, 0x00007f47081e8000)

Polling page: 0x00007f47300e7000

Metaspace:

Usage:
  Non-class:      5,21 MB capacity,     5,16 MB (>99%) used,    45,85 KB ( <1%) free+waste,     1,56 KB ( <1%) overhead. 
      Class:    560,00 KB capacity,   505,52 KB ( 90%) used,    53,60 KB ( 10%) free+waste,   896 bytes ( <1%) overhead. 
       Both:      5,75 MB capacity,     5,65 MB ( 98%) used,    99,45 KB (  2%) free+waste,     2,44 KB ( <1%) overhead. 

Virtual space:
  Non-class space:        8,00 MB reserved,       5,25 MB ( 66%) committed 
      Class space:        1,00 GB reserved,     640,00 KB ( <1%) committed 
             Both:        1,01 GB reserved,       5,88 MB ( <1%) committed 

Chunk freelists:
   Non-Class:  1,00 KB
       Class:  2,00 KB
        Both:  3,00 KB

CodeHeap 'non-profiled nmethods': size=120032Kb used=87Kb max_used=87Kb free=119944Kb
 bounds [0x00007f47185c9000, 0x00007f4718839000, 0x00007f471fb01000]
CodeHeap 'profiled nmethods': size=120028Kb used=541Kb max_used=541Kb free=119486Kb
 bounds [0x00007f4711092000, 0x00007f4711302000, 0x00007f47185c9000]
CodeHeap 'non-nmethods': size=5700Kb used=1021Kb max_used=1043Kb free=4678Kb
 bounds [0x00007f4710b01000, 0x00007f4710d71000, 0x00007f4711092000]
 total_blobs=625 nmethods=334 adapters=204
 compilation: enabled
              stopped_count=0, restarted_count=0
 full_count=0

Compilation events (10 events):
Event: 0,143 Thread 0x00007f4728224800  330       3       java.lang.String::replace (42 bytes)
Event: 0,143 Thread 0x00007f4728224800 nmethod 330 0x00007f4711116a90 code [0x00007f4711116c60, 0x00007f4711116fd8]
Event: 0,143 Thread 0x00007f4728224800  331       3       java.lang.ClassLoader::checkName (37 bytes)
Event: 0,143 Thread 0x00007f4728224800 nmethod 331 0x00007f4711117110 code [0x00007f4711117380, 0x00007f4711117d78]
Event: 0,143 Thread 0x00007f4728224800  332       3       sun.net.www.ParseUtil::encodePath (41 bytes)
Event: 0,144 Thread 0x00007f4728224800 nmethod 332 0x00007f4711118110 code [0x00007f47111182e0, 0x00007f4711118538]
Event: 0,144 Thread 0x00007f4728224800  333       3       java.lang.StringUTF16::compress (20 bytes)
Event: 0,145 Thread 0x00007f4728224800 nmethod 333 0x00007f4711118610 code [0x00007f47111187c0, 0x00007f4711118a48]
Event: 0,145 Thread 0x00007f4728224800  334       3       java.lang.String::<init> (74 bytes)
Event: 0,145 Thread 0x00007f4728224800 nmethod 334 0x00007f4711118b10 code [0x00007f4711118d20, 0x00007f47111193f8]

GC Heap History (0 events):
No events

Deoptimization events (1 events):
Event: 0,132 Thread 0x00007f4728026000 Uncommon trap: reason=unstable_if action=reinterpret pc=0x00007f47185ced9c method=java.lang.String.hashCode()I @ 14 c2

Classes redefined (0 events):
No events

Internal exceptions (0 events):
No events

Events (10 events):
Event: 0,146 loading class java/security/ProtectionDomain$JavaSecurityAccessImpl$1
Event: 0,146 loading class java/security/ProtectionDomain$JavaSecurityAccessImpl$1 done
Event: 0,146 loading class sun/security/provider/PolicyFile$3
Event: 0,146 loading class sun/security/provider/PolicyFile$3 done
Event: 0,146 loading class sun/security/util/PolicyUtil
Event: 0,146 loading class sun/security/util/PolicyUtil done
Event: 0,146 loading class sun/security/provider/PolicyParser
Event: 0,146 loading class sun/security/provider/PolicyParser done
Event: 0,147 loading class java/io/StreamTokenizer
Event: 0,147 loading class java/io/StreamTokenizer done


Dynamic libraries:
707a00000-717400000 rw-p 00000000 00:00 0 
717400000-800000000 ---p 00000000 00:00 0 
800000000-8000a0000 rw-p 00000000 00:00 0 
8000a0000-840000000 ---p 00000000 00:00 0 
559d0cefb000-559d0cefc000 r-xp 00000000 103:05 6818949                   /usr/lib/jvm/jdk-11.0.9/bin/java
559d0d0fc000-559d0d0fd000 r--p 00001000 103:05 6818949                   /usr/lib/jvm/jdk-11.0.9/bin/java
559d0d0fd000-559d0d0fe000 rw-p 00002000 103:05 6818949                   /usr/lib/jvm/jdk-11.0.9/bin/java
559d0d474000-559d0d495000 rw-p 00000000 00:00 0                          [heap]
7f46c0000000-7f46c012e000 rw-p 00000000 00:00 0 
7f46c012e000-7f46c4000000 ---p 00000000 00:00 0 
7f46c4000000-7f46c4021000 rw-p 00000000 00:00 0 
7f46c4021000-7f46c8000000 ---p 00000000 00:00 0 
7f46cb93b000-7f46cbce7000 rw-p 00000000 00:00 0 
7f46cbce7000-7f46cbceb000 ---p 00000000 00:00 0 
7f46cbceb000-7f46cbde8000 rw-p 00000000 00:00 0 
7f46cbde8000-7f46cbdff000 r-xp 00000000 103:05 6819253                   /usr/lib/jvm/jdk-11.0.9/lib/libnet.so
7f46cbdff000-7f46cbffe000 ---p 00017000 103:05 6819253                   /usr/lib/jvm/jdk-11.0.9/lib/libnet.so
7f46cbffe000-7f46cbfff000 r--p 00016000 103:05 6819253                   /usr/lib/jvm/jdk-11.0.9/lib/libnet.so
7f46cbfff000-7f46cc000000 rw-p 00017000 103:05 6819253                   /usr/lib/jvm/jdk-11.0.9/lib/libnet.so
7f46cc000000-7f46cc021000 rw-p 00000000 00:00 0 
7f46cc021000-7f46d0000000 ---p 00000000 00:00 0 
7f46d0000000-7f46d0021000 rw-p 00000000 00:00 0 
7f46d0021000-7f46d4000000 ---p 00000000 00:00 0 
7f46d4000000-7f46d4150000 rw-p 00000000 00:00 0 
7f46d4150000-7f46d8000000 ---p 00000000 00:00 0 
7f46d8000000-7f46d8021000 rw-p 00000000 00:00 0 
7f46d8021000-7f46dc000000 ---p 00000000 00:00 0 
7f46dc000000-7f46dc021000 rw-p 00000000 00:00 0 
7f46dc021000-7f46e0000000 ---p 00000000 00:00 0 
7f46e0000000-7f46e0174000 rw-p 00000000 00:00 0 
7f46e0174000-7f46e4000000 ---p 00000000 00:00 0 
7f46e4000000-7f46e4021000 rw-p 00000000 00:00 0 
7f46e4021000-7f46e8000000 ---p 00000000 00:00 0 
7f46e8000000-7f46e8021000 rw-p 00000000 00:00 0 
7f46e8021000-7f46ec000000 ---p 00000000 00:00 0 
7f46ec000000-7f46ec021000 rw-p 00000000 00:00 0 
7f46ec021000-7f46f0000000 ---p 00000000 00:00 0 
7f46f0000000-7f46f0021000 rw-p 00000000 00:00 0 
7f46f0021000-7f46f4000000 ---p 00000000 00:00 0 
7f46f4000000-7f46f4021000 rw-p 00000000 00:00 0 
7f46f4021000-7f46f8000000 ---p 00000000 00:00 0 
7f46f8000000-7f46f8021000 rw-p 00000000 00:00 0 
7f46f8021000-7f46fc000000 ---p 00000000 00:00 0 
7f46fc0e9000-7f46fc0f9000 r-xp 00000000 103:05 6819254                   /usr/lib/jvm/jdk-11.0.9/lib/libnio.so
7f46fc0f9000-7f46fc2f9000 ---p 00010000 103:05 6819254                   /usr/lib/jvm/jdk-11.0.9/lib/libnio.so
7f46fc2f9000-7f46fc2fa000 r--p 00010000 103:05 6819254                   /usr/lib/jvm/jdk-11.0.9/lib/libnio.so
7f46fc2fa000-7f46fc2fb000 rw-p 00011000 103:05 6819254                   /usr/lib/jvm/jdk-11.0.9/lib/libnio.so
7f46fc2fb000-7f46fc2ff000 ---p 00000000 00:00 0 
7f46fc2ff000-7f46fc3fc000 rw-p 00000000 00:00 0 
7f46fc3fc000-7f46fc3fd000 ---p 00000000 00:00 0 
7f46fc3fd000-7f46fc4fe000 rw-p 00000000 00:00 0 
7f46fc4fe000-7f46fc502000 ---p 00000000 00:00 0 
7f46fc502000-7f46fc5ff000 rw-p 00000000 00:00 0 
7f46fc5ff000-7f46fc603000 ---p 00000000 00:00 0 
7f46fc603000-7f46fc700000 rw-p 00000000 00:00 0 
7f46fc700000-7f46fc704000 ---p 00000000 00:00 0 
7f46fc704000-7f46fc801000 rw-p 00000000 00:00 0 
7f46fc801000-7f46fc805000 ---p 00000000 00:00 0 
7f46fc805000-7f46fc902000 rw-p 00000000 00:00 0 
7f46fc902000-7f46fc906000 ---p 00000000 00:00 0 
7f46fc906000-7f46fca03000 rw-p 00000000 00:00 0 
7f46fca03000-7f46fcf74000 r--p 00000000 103:05 6819579                   /usr/lib/locale/locale-archive
7f46fcf74000-7f46fcf78000 ---p 00000000 00:00 0 
7f46fcf78000-7f46fd075000 rw-p 00000000 00:00 0 
7f46fd075000-7f46fd079000 ---p 00000000 00:00 0 
7f46fd079000-7f46fd176000 rw-p 00000000 00:00 0 
7f46fd176000-7f46fd177000 ---p 00000000 00:00 0 
7f46fd177000-7f46fd839000 rw-p 00000000 00:00 0 
7f46fd839000-7f46fdaf9000 ---p 00000000 00:00 0 
7f46fdaf9000-7f46fdafa000 ---p 00000000 00:00 0 
7f46fdafa000-7f46fdbfb000 rw-p 00000000 00:00 0 
7f46fdbfb000-7f46fdbfc000 ---p 00000000 00:00 0 
7f46fdbfc000-7f4700000000 rw-p 00000000 00:00 0 
7f4700000000-7f4700021000 rw-p 00000000 00:00 0 
7f4700021000-7f4704000000 ---p 00000000 00:00 0 
7f4704041000-7f47047b8000 rw-p 00000000 00:00 0 
7f47047b8000-7f47081e8000 ---p 00000000 00:00 0 
7f47081e8000-7f47085d0000 rw-p 00000000 00:00 0 
7f47085d0000-7f470c000000 ---p 00000000 00:00 0 
7f470c000000-7f470c021000 rw-p 00000000 00:00 0 
7f470c021000-7f4710000000 ---p 00000000 00:00 0 
7f4710012000-7f471023c000 rw-p 00000000 00:00 0 
7f471023c000-7f471023d000 ---p 00000000 00:00 0 
7f471023d000-7f47103bb000 rw-p 00000000 00:00 0 
7f47103bb000-7f4710b01000 ---p 00000000 00:00 0 
7f4710b01000-7f4710d71000 rwxp 00000000 00:00 0 
7f4710d71000-7f4711092000 ---p 00000000 00:00 0 
7f4711092000-7f4711302000 rwxp 00000000 00:00 0 
7f4711302000-7f47185c9000 ---p 00000000 00:00 0 
7f47185c9000-7f4718839000 rwxp 00000000 00:00 0 
7f4718839000-7f471fb01000 ---p 00000000 00:00 0 
7f471fb01000-7f4728000000 r--s 00000000 103:05 6819264                   /usr/lib/jvm/jdk-11.0.9/lib/modules
7f4728000000-7f4728832000 rw-p 00000000 00:00 0 
7f4728832000-7f472c000000 ---p 00000000 00:00 0 
7f472c014000-7f472c056000 rw-p 00000000 00:00 0 
7f472c056000-7f472c057000 ---p 00000000 00:00 0 
7f472c057000-7f472c2d6000 rw-p 00000000 00:00 0 
7f472c2d6000-7f472ca1c000 ---p 00000000 00:00 0 
7f472ca1c000-7f472ca99000 rw-p 00000000 00:00 0 
7f472ca99000-7f472d1df000 ---p 00000000 00:00 0 
7f472d1df000-7f472d9e7000 rw-p 00000000 00:00 0 
7f472d9e7000-7f472d9e8000 ---p 00000000 00:00 0 
7f472d9e8000-7f472daee000 rw-p 00000000 00:00 0 
7f472daee000-7f472dbd4000 ---p 00000000 00:00 0 
7f472dbd4000-7f472dbd9000 rw-p 00000000 00:00 0 
7f472dbd9000-7f472dcbf000 ---p 00000000 00:00 0 
7f472dcbf000-7f472dcc4000 rw-p 00000000 00:00 0 
7f472dcc4000-7f472dccb000 ---p 00000000 00:00 0 
7f472dccb000-7f472dcd2000 r-xp 00000000 103:05 6819263                   /usr/lib/jvm/jdk-11.0.9/lib/libzip.so
7f472dcd2000-7f472ded1000 ---p 00007000 103:05 6819263                   /usr/lib/jvm/jdk-11.0.9/lib/libzip.so
7f472ded1000-7f472ded2000 r--p 00006000 103:05 6819263                   /usr/lib/jvm/jdk-11.0.9/lib/libzip.so
7f472ded2000-7f472ded3000 rw-p 00007000 103:05 6819263                   /usr/lib/jvm/jdk-11.0.9/lib/libzip.so
7f472ded3000-7f472dedb000 rw-s 00000000 103:05 7865917                   /tmp/hsperfdata_takahashi/87998
7f472dedb000-7f472def6000 r-xp 00000000 103:05 6819245                   /usr/lib/jvm/jdk-11.0.9/lib/libjimage.so
7f472def6000-7f472e0f5000 ---p 0001b000 103:05 6819245                   /usr/lib/jvm/jdk-11.0.9/lib/libjimage.so
7f472e0f5000-7f472e0f7000 r--p 0001a000 103:05 6819245                   /usr/lib/jvm/jdk-11.0.9/lib/libjimage.so
7f472e0f7000-7f472e0f8000 rw-p 0001c000 103:05 6819245                   /usr/lib/jvm/jdk-11.0.9/lib/libjimage.so
7f472e0f8000-7f472e121000 r-xp 00000000 103:05 6819241                   /usr/lib/jvm/jdk-11.0.9/lib/libjava.so
7f472e121000-7f472e321000 ---p 00029000 103:05 6819241                   /usr/lib/jvm/jdk-11.0.9/lib/libjava.so
7f472e321000-7f472e322000 r--p 00029000 103:05 6819241                   /usr/lib/jvm/jdk-11.0.9/lib/libjava.so
7f472e322000-7f472e323000 rw-p 0002a000 103:05 6819241                   /usr/lib/jvm/jdk-11.0.9/lib/libjava.so
7f472e323000-7f472e324000 rw-p 00000000 00:00 0 
7f472e324000-7f472e331000 r-xp 00000000 103:05 6819262                   /usr/lib/jvm/jdk-11.0.9/lib/libverify.so
7f472e331000-7f472e530000 ---p 0000d000 103:05 6819262                   /usr/lib/jvm/jdk-11.0.9/lib/libverify.so
7f472e530000-7f472e532000 r--p 0000c000 103:05 6819262                   /usr/lib/jvm/jdk-11.0.9/lib/libverify.so
7f472e532000-7f472e533000 rw-p 0000e000 103:05 6819262                   /usr/lib/jvm/jdk-11.0.9/lib/libverify.so
7f472e533000-7f472e536000 r--p 00000000 103:05 6816006                   /usr/lib/x86_64-linux-gnu/librt-2.31.so
7f472e536000-7f472e53a000 r-xp 00003000 103:05 6816006                   /usr/lib/x86_64-linux-gnu/librt-2.31.so
7f472e53a000-7f472e53b000 r--p 00007000 103:05 6816006                   /usr/lib/x86_64-linux-gnu/librt-2.31.so
7f472e53b000-7f472e53c000 ---p 00008000 103:05 6816006                   /usr/lib/x86_64-linux-gnu/librt-2.31.so
7f472e53c000-7f472e53d000 r--p 00008000 103:05 6816006                   /usr/lib/x86_64-linux-gnu/librt-2.31.so
7f472e53d000-7f472e53e000 rw-p 00009000 103:05 6816006                   /usr/lib/x86_64-linux-gnu/librt-2.31.so
7f472e53e000-7f472e542000 ---p 00000000 00:00 0 
7f472e542000-7f472e63f000 rw-p 00000000 00:00 0 
7f472e63f000-7f472e64e000 r--p 00000000 103:05 6815866                   /usr/lib/x86_64-linux-gnu/libm-2.31.so
7f472e64e000-7f472e6f5000 r-xp 0000f000 103:05 6815866                   /usr/lib/x86_64-linux-gnu/libm-2.31.so
7f472e6f5000-7f472e78c000 r--p 000b6000 103:05 6815866                   /usr/lib/x86_64-linux-gnu/libm-2.31.so
7f472e78c000-7f472e78d000 r--p 0014c000 103:05 6815866                   /usr/lib/x86_64-linux-gnu/libm-2.31.so
7f472e78d000-7f472e78e000 rw-p 0014d000 103:05 6815866                   /usr/lib/x86_64-linux-gnu/libm-2.31.so
7f472e78e000-7f472f935000 r-xp 00000000 103:05 6819275                   /usr/lib/jvm/jdk-11.0.9/lib/server/libjvm.so
7f472f935000-7f472fb35000 ---p 011a7000 103:05 6819275                   /usr/lib/jvm/jdk-11.0.9/lib/server/libjvm.so
7f472fb35000-7f472fbf4000 r--p 011a7000 103:05 6819275                   /usr/lib/jvm/jdk-11.0.9/lib/server/libjvm.so
7f472fbf4000-7f472fc2e000 rw-p 01266000 103:05 6819275                   /usr/lib/jvm/jdk-11.0.9/lib/server/libjvm.so
7f472fc2e000-7f472fc87000 rw-p 00000000 00:00 0 
7f472fc87000-7f472fcac000 r--p 00000000 103:05 6815864                   /usr/lib/x86_64-linux-gnu/libc-2.31.so
7f472fcac000-7f472fe24000 r-xp 00025000 103:05 6815864                   /usr/lib/x86_64-linux-gnu/libc-2.31.so
7f472fe24000-7f472fe6e000 r--p 0019d000 103:05 6815864                   /usr/lib/x86_64-linux-gnu/libc-2.31.so
7f472fe6e000-7f472fe6f000 ---p 001e7000 103:05 6815864                   /usr/lib/x86_64-linux-gnu/libc-2.31.so
7f472fe6f000-7f472fe72000 r--p 001e7000 103:05 6815864                   /usr/lib/x86_64-linux-gnu/libc-2.31.so
7f472fe72000-7f472fe75000 rw-p 001ea000 103:05 6815864                   /usr/lib/x86_64-linux-gnu/libc-2.31.so
7f472fe75000-7f472fe79000 rw-p 00000000 00:00 0 
7f472fe79000-7f472fe7a000 r--p 00000000 103:05 6815865                   /usr/lib/x86_64-linux-gnu/libdl-2.31.so
7f472fe7a000-7f472fe7c000 r-xp 00001000 103:05 6815865                   /usr/lib/x86_64-linux-gnu/libdl-2.31.so
7f472fe7c000-7f472fe7d000 r--p 00003000 103:05 6815865                   /usr/lib/x86_64-linux-gnu/libdl-2.31.so
7f472fe7d000-7f472fe7e000 r--p 00003000 103:05 6815865                   /usr/lib/x86_64-linux-gnu/libdl-2.31.so
7f472fe7e000-7f472fe7f000 rw-p 00004000 103:05 6815865                   /usr/lib/x86_64-linux-gnu/libdl-2.31.so
7f472fe7f000-7f472fe8f000 r-xp 00000000 103:05 6819225                   /usr/lib/jvm/jdk-11.0.9/lib/jli/libjli.so
7f472fe8f000-7f473008e000 ---p 00010000 103:05 6819225                   /usr/lib/jvm/jdk-11.0.9/lib/jli/libjli.so
7f473008e000-7f473008f000 r--p 0000f000 103:05 6819225                   /usr/lib/jvm/jdk-11.0.9/lib/jli/libjli.so
7f473008f000-7f4730090000 rw-p 00010000 103:05 6819225                   /usr/lib/jvm/jdk-11.0.9/lib/jli/libjli.so
7f4730090000-7f4730097000 r--p 00000000 103:05 6815972                   /usr/lib/x86_64-linux-gnu/libpthread-2.31.so
7f4730097000-7f47300a8000 r-xp 00007000 103:05 6815972                   /usr/lib/x86_64-linux-gnu/libpthread-2.31.so
7f47300a8000-7f47300ad000 r--p 00018000 103:05 6815972                   /usr/lib/x86_64-linux-gnu/libpthread-2.31.so
7f47300ad000-7f47300ae000 r--p 0001c000 103:05 6815972                   /usr/lib/x86_64-linux-gnu/libpthread-2.31.so
7f47300ae000-7f47300af000 rw-p 0001d000 103:05 6815972                   /usr/lib/x86_64-linux-gnu/libpthread-2.31.so
7f47300af000-7f47300b3000 rw-p 00000000 00:00 0 
7f47300b3000-7f47300b5000 r--p 00000000 103:05 6817958                   /usr/lib/x86_64-linux-gnu/libz.so.1.2.11
7f47300b5000-7f47300c6000 r-xp 00002000 103:05 6817958                   /usr/lib/x86_64-linux-gnu/libz.so.1.2.11
7f47300c6000-7f47300cc000 r--p 00013000 103:05 6817958                   /usr/lib/x86_64-linux-gnu/libz.so.1.2.11
7f47300cc000-7f47300cd000 ---p 00019000 103:05 6817958                   /usr/lib/x86_64-linux-gnu/libz.so.1.2.11
7f47300cd000-7f47300ce000 r--p 00019000 103:05 6817958                   /usr/lib/x86_64-linux-gnu/libz.so.1.2.11
7f47300ce000-7f47300cf000 rw-p 0001a000 103:05 6817958                   /usr/lib/x86_64-linux-gnu/libz.so.1.2.11
7f47300cf000-7f47300d1000 rw-p 00000000 00:00 0 
7f47300d3000-7f47300d6000 r--p 00000000 103:05 6815894                   /usr/lib/x86_64-linux-gnu/libnss_files-2.31.so
7f47300d6000-7f47300dd000 r-xp 00003000 103:05 6815894                   /usr/lib/x86_64-linux-gnu/libnss_files-2.31.so
7f47300dd000-7f47300df000 r--p 0000a000 103:05 6815894                   /usr/lib/x86_64-linux-gnu/libnss_files-2.31.so
7f47300df000-7f47300e0000 r--p 0000b000 103:05 6815894                   /usr/lib/x86_64-linux-gnu/libnss_files-2.31.so
7f47300e0000-7f47300e1000 rw-p 0000c000 103:05 6815894                   /usr/lib/x86_64-linux-gnu/libnss_files-2.31.so
7f47300e1000-7f47300e7000 rw-p 00000000 00:00 0 
7f47300e7000-7f47300e8000 ---p 00000000 00:00 0 
7f47300e8000-7f47300e9000 r--p 00000000 00:00 0 
7f47300e9000-7f47300ea000 r--p 00000000 103:05 6815820                   /usr/lib/x86_64-linux-gnu/ld-2.31.so
7f47300ea000-7f473010d000 r-xp 00001000 103:05 6815820                   /usr/lib/x86_64-linux-gnu/ld-2.31.so
7f473010d000-7f4730115000 r--p 00024000 103:05 6815820                   /usr/lib/x86_64-linux-gnu/ld-2.31.so
7f4730116000-7f4730117000 r--p 0002c000 103:05 6815820                   /usr/lib/x86_64-linux-gnu/ld-2.31.so
7f4730117000-7f4730118000 rw-p 0002d000 103:05 6815820                   /usr/lib/x86_64-linux-gnu/ld-2.31.so
7f4730118000-7f4730119000 rw-p 00000000 00:00 0 
7ffe5d947000-7ffe5d96a000 rw-p 00000000 00:00 0                          [stack]
7ffe5d999000-7ffe5d99d000 r--p 00000000 00:00 0                          [vvar]
7ffe5d99d000-7ffe5d99f000 r-xp 00000000 00:00 0                          [vdso]
ffffffffff600000-ffffffffff601000 --xp 00000000 00:00 0                  [vsyscall]


VM Arguments:
jvm_args: -Dfile.encoding=UTF-8 
java_command: hyperledger.cefetmg.tcc.TccApplication
java_class_path (initial): /home/takahashi/Documents/Tcc/git/tcc/target/classes:/home/takahashi/.m2/repository/org/springframework/boot/spring-boot-starter-web/2.4.5/spring-boot-starter-web-2.4.5.jar:/home/takahashi/.m2/repository/org/springframework/boot/spring-boot-starter/2.4.5/spring-boot-starter-2.4.5.jar:/home/takahashi/.m2/repository/org/springframework/boot/spring-boot-starter-logging/2.4.5/spring-boot-starter-logging-2.4.5.jar:/home/takahashi/.m2/repository/ch/qos/logback/logback-classic/1.2.3/logback-classic-1.2.3.jar:/home/takahashi/.m2/repository/ch/qos/logback/logback-core/1.2.3/logback-core-1.2.3.jar:/home/takahashi/.m2/repository/org/apache/logging/log4j/log4j-to-slf4j/2.13.3/log4j-to-slf4j-2.13.3.jar:/home/takahashi/.m2/repository/org/slf4j/jul-to-slf4j/1.7.30/jul-to-slf4j-1.7.30.jar:/home/takahashi/.m2/repository/jakarta/annotation/jakarta.annotation-api/1.3.5/jakarta.annotation-api-1.3.5.jar:/home/takahashi/.m2/repository/org/yaml/snakeyaml/1.27/snakeyaml-1.27.jar:/home/takahashi/.m2/repository/org/springframework/boot/spring-boot-starter-json/2.4.5/spring-boot-starter-json-2.4.5.jar:/home/takahashi/.m2/repository/com/fasterxml/jackson/core/jackson-databind/2.11.4/jackson-databind-2.11.4.jar:/home/takahashi/.m2/repository/com/fasterxml/jackson/core/jackson-core/2.11.4/jackson-core-2.11.4.jar:/home/takahashi/.m2/repository/com/fasterxml/jackson/datatype/jackson-datatype-jdk8/2.11.4/jackson-datatype-jdk8-2.11.4.jar:/home/takahashi/.m2/repository/com/fasterxml/jackson/datatype/jackson-datatype-jsr310/2.11.4/jackson-datatype-jsr310-2.11.4.jar:/home/takahashi/.m2/repository/com/fasterxml/jackson/module/jackson-module-parameter-names/2.11.4/jackson-module-parameter-names-2.11.4.jar:/home/takahashi/.m2/repository/org/springframework/boot/spring-boot-starter-tomcat/2.4.5/spring-boot-starter-tomcat-2.4.5.jar:/home/takahashi/.m2/repository/org/apache/tomcat/embed/tomcat-embed-core/9.0.45/tomcat-embed-core-9.0.45.jar:/home/takahashi/.m2/repository/org/glass
Launcher Type: SUN_STANDARD

[Global flags]
     intx CICompilerCount                          = 4                                         {product} {ergonomic}
     uint ConcGCThreads                            = 2                                         {product} {ergonomic}
     uint G1ConcRefinementThreads                  = 8                                         {product} {ergonomic}
   size_t G1HeapRegionSize                         = 1048576                                   {product} {ergonomic}
    uintx GCDrainStackTargetSize                   = 64                                        {product} {ergonomic}
   size_t InitialHeapSize                          = 262144000                                 {product} {ergonomic}
   size_t MarkStackSize                            = 4194304                                   {product} {ergonomic}
   size_t MaxHeapSize                              = 4167041024                                {product} {ergonomic}
   size_t MaxNewSize                               = 2499805184                                {product} {ergonomic}
   size_t MinHeapDeltaBytes                        = 1048576                                   {product} {ergonomic}
    uintx NonNMethodCodeHeapSize                   = 5836300                                {pd product} {ergonomic}
    uintx NonProfiledCodeHeapSize                  = 122910970                              {pd product} {ergonomic}
    uintx ProfiledCodeHeapSize                     = 122910970                              {pd product} {ergonomic}
    uintx ReservedCodeCacheSize                    = 251658240                              {pd product} {ergonomic}
     bool SegmentedCodeCache                       = true                                      {product} {ergonomic}
     bool UseCompressedClassPointers               = true                                 {lp64_product} {ergonomic}
     bool UseCompressedOops                        = true                                 {lp64_product} {ergonomic}
     bool UseG1GC                                  = true                                      {product} {ergonomic}

Logging:
Log output configuration:
 #0: stdout all=warning uptime,level,tags
 #1: stderr all=off uptime,level,tags

Environment Variables:
PATH=/home/takahashi/.local/bin:/usr/local/sbin:/usr/local/bin:/usr/sbin:/usr/bin:/sbin:/bin:/usr/games:/usr/local/games:/snap/bin
USERNAME=takahashi
SHELL=/bin/bash
DISPLAY=:1

Signal Handlers:
SIGSEGV: [libjvm.so+0xe957b0], sa_mask[0]=11111111011111111101111111111110, sa_flags=SA_RESTART|SA_SIGINFO
SIGBUS: [libjvm.so+0xe957b0], sa_mask[0]=11111111011111111101111111111110, sa_flags=SA_RESTART|SA_SIGINFO
SIGFPE: [libjvm.so+0xe957b0], sa_mask[0]=11111111011111111101111111111110, sa_flags=SA_RESTART|SA_SIGINFO
SIGPIPE: [libjvm.so+0xc65920], sa_mask[0]=11111111011111111101111111111110, sa_flags=SA_RESTART|SA_SIGINFO
SIGXFSZ: [libjvm.so+0xc65920], sa_mask[0]=11111111011111111101111111111110, sa_flags=SA_RESTART|SA_SIGINFO
SIGILL: [libjvm.so+0xe957b0], sa_mask[0]=11111111011111111101111111111110, sa_flags=SA_RESTART|SA_SIGINFO
SIGUSR2: [libjvm.so+0xc657c0], sa_mask[0]=00100000000000000000000000000000, sa_flags=SA_RESTART|SA_SIGINFO
SIGHUP: [libjvm.so+0xc65b20], sa_mask[0]=11111111011111111101111111111110, sa_flags=SA_RESTART|SA_SIGINFO
SIGINT: [libjvm.so+0xc65b20], sa_mask[0]=11111111011111111101111111111110, sa_flags=SA_RESTART|SA_SIGINFO
SIGTERM: [libjvm.so+0xc65b20], sa_mask[0]=11111111011111111101111111111110, sa_flags=SA_RESTART|SA_SIGINFO
SIGQUIT: [libjvm.so+0xc65b20], sa_mask[0]=11111111011111111101111111111110, sa_flags=SA_RESTART|SA_SIGINFO


---------------  S Y S T E M  ---------------

OS:DISTRIB_ID=Ubuntu
DISTRIB_RELEASE=20.04
DISTRIB_CODENAME=focal
DISTRIB_DESCRIPTION="Ubuntu 20.04.2 LTS"
uname:Linux 5.8.0-49-generic #55~20.04.1-Ubuntu SMP Fri Mar 26 01:01:07 UTC 2021 x86_64
libc:glibc 2.31 NPTL 2.31 
rlimit: STACK 8192k, CORE 0k, NPROC 63335, NOFILE 1048576, AS infinity, DATA infinity, FSIZE infinity
load average:1,98 1,65 1,48

/proc/meminfo:
MemTotal:       16272980 kB
MemFree:          590180 kB
MemAvailable:    6270940 kB
Buffers:          364508 kB
Cached:          5784044 kB
SwapCached:         1056 kB
Active:         10659244 kB
Inactive:        3943740 kB
Active(anon):    7651192 kB
Inactive(anon):  1344700 kB
Active(file):    3008052 kB
Inactive(file):  2599040 kB
Unevictable:         836 kB
Mlocked:             160 kB
SwapTotal:       2097148 kB
SwapFree:        2085000 kB
Dirty:              2720 kB
Writeback:             0 kB
AnonPages:       8454876 kB
Mapped:          2224960 kB
Shmem:            756640 kB
KReclaimable:     414752 kB
Slab:             714176 kB
SReclaimable:     414752 kB
SUnreclaim:       299424 kB
KernelStack:       38748 kB
PageTables:        94616 kB
NFS_Unstable:          0 kB
Bounce:                0 kB
WritebackTmp:          0 kB
CommitLimit:    10233636 kB
Committed_AS:   28640368 kB
VmallocTotal:   34359738367 kB
VmallocUsed:       96316 kB
VmallocChunk:          0 kB
Percpu:            11200 kB
HardwareCorrupted:     0 kB
AnonHugePages:     94208 kB
ShmemHugePages:        0 kB
ShmemPmdMapped:        0 kB
FileHugePages:         0 kB
FilePmdMapped:         0 kB
HugePages_Total:       0
HugePages_Free:        0
HugePages_Rsvd:        0
HugePages_Surp:        0
Hugepagesize:       2048 kB
Hugetlb:               0 kB
DirectMap4k:      791164 kB
DirectMap2M:    14815232 kB
DirectMap1G:     1048576 kB


/proc/sys/kernel/threads-max (system-wide limit on the number of threads):
126670


/proc/sys/vm/max_map_count (maximum number of memory map areas a process may have):
65530


/proc/sys/kernel/pid_max (system-wide limit on number of process identifiers):
4194304



container (cgroup) information:
container_type: cgroupv1
cpu_cpuset_cpus: 0-7
cpu_memory_nodes: 0
active_processor_count: 8
cpu_quota: -1
cpu_period: 100000
cpu_shares: -1
memory_limit_in_bytes: -1
memory_and_swap_limit_in_bytes: -1
memory_soft_limit_in_bytes: -1
memory_usage_in_bytes: 11980812288
memory_max_usage_in_bytes: 12476112896


CPU:total 8 (initial active 8) (4 cores per cpu, 2 threads per core) family 6 model 158 stepping 10, cmov, cx8, fxsr, mmx, sse, sse2, sse3, ssse3, sse4.1, sse4.2, popcnt, avx, avx2, aes, clmul, erms, 3dnowpref, lzcnt, ht, tsc, tscinvbit, bmi1, bmi2, adx, fma
CPU Model and flags from /proc/cpuinfo:
model name	: Intel(R) Core(TM) i5-9300H CPU @ 2.40GHz
flags		: fpu vme de pse tsc msr pae mce cx8 apic sep mtrr pge mca cmov pat pse36 clflush dts acpi mmx fxsr sse sse2 ss ht tm pbe syscall nx pdpe1gb rdtscp lm constant_tsc art arch_perfmon pebs bts rep_good nopl xtopology nonstop_tsc cpuid aperfmperf pni pclmulqdq dtes64 monitor ds_cpl vmx est tm2 ssse3 sdbg fma cx16 xtpr pdcm pcid sse4_1 sse4_2 x2apic movbe popcnt tsc_deadline_timer aes xsave avx f16c rdrand lahf_lm abm 3dnowprefetch cpuid_fault epb invpcid_single pti ssbd ibrs ibpb stibp tpr_shadow vnmi flexpriority ept vpid ept_ad fsgsbase tsc_adjust bmi1 avx2 smep bmi2 erms invpcid mpx rdseed adx smap clflushopt intel_pt xsaveopt xsavec xgetbv1 xsaves dtherm ida arat pln pts hwp hwp_notify hwp_act_window hwp_epp md_clear flush_l1d

Memory: 4k page, physical 16272980k(590180k free), swap 2097148k(2085000k free)

vm_info: Java HotSpot(TM) 64-Bit Server VM (11.0.9+7-LTS) for linux-amd64 JRE (11.0.9+7-LTS), built on Sep 15 2020 15:52:03 by "mach5one" with gcc 7.3.0

END.
